0 info it worked if it ends with ok
1 verbose cli [ '/usr/local/bin/node', '/usr/local/bin/npm', 'install' ]
2 info using npm@2.15.1
3 info using node@v4.4.4
4 verbose readDependencies loading dependencies from /Users/dario/git/carrusel-infantil/package.json
5 verbose install where, deps [ '/Users/dario/git/carrusel-infantil',
5 verbose install   [ 'angular2',
5 verbose install     'es6-shim',
5 verbose install     'fresco',
5 verbose install     'nativescript-angular',
5 verbose install     'nativescript-intl',
5 verbose install     'nativescript-telerik-ui-pro',
5 verbose install     'nativescript-unit-test-runner',
5 verbose install     'parse5',
5 verbose install     'punycode',
5 verbose install     'querystring',
5 verbose install     'reflect-metadata',
5 verbose install     'rxjs',
5 verbose install     'tns-core-modules',
5 verbose install     'url',
5 verbose install     'zone.js',
5 verbose install     'babel-traverse',
5 verbose install     'babel-types',
5 verbose install     'babylon',
5 verbose install     'chai',
5 verbose install     'filewalker',
5 verbose install     'karma',
5 verbose install     'karma-chai',
5 verbose install     'karma-mocha',
5 verbose install     'karma-nativescript-launcher',
5 verbose install     'lazy',
5 verbose install     'mocha',
5 verbose install     'nativescript-dev-typescript',
5 verbose install     'typescript' ] ]
6 verbose install where, peers [ '/Users/dario/git/carrusel-infantil', [] ]
7 verbose installManyTop reading for lifecycle /Users/dario/git/carrusel-infantil/package.json
8 info preinstall carrusel-infantil@1.0.0
9 verbose installManyTop reading scoped package data from /Users/dario/git/carrusel-infantil/node_modules/angular2/package.json
10 verbose installManyTop reading scoped package data from /Users/dario/git/carrusel-infantil/node_modules/babel-traverse/package.json
11 verbose installManyTop reading scoped package data from /Users/dario/git/carrusel-infantil/node_modules/babel-types/package.json
12 verbose installManyTop reading scoped package data from /Users/dario/git/carrusel-infantil/node_modules/babylon/package.json
13 verbose installManyTop reading scoped package data from /Users/dario/git/carrusel-infantil/node_modules/chai/package.json
14 verbose installManyTop reading scoped package data from /Users/dario/git/carrusel-infantil/node_modules/es6-shim/package.json
15 verbose installManyTop reading scoped package data from /Users/dario/git/carrusel-infantil/node_modules/filewalker/package.json
16 verbose installManyTop reading scoped package data from /Users/dario/git/carrusel-infantil/node_modules/fresco/package.json
17 verbose installManyTop reading scoped package data from /Users/dario/git/carrusel-infantil/node_modules/karma/package.json
18 verbose installManyTop reading scoped package data from /Users/dario/git/carrusel-infantil/node_modules/karma-chai/package.json
19 verbose installManyTop reading scoped package data from /Users/dario/git/carrusel-infantil/node_modules/karma-mocha/package.json
20 verbose installManyTop reading scoped package data from /Users/dario/git/carrusel-infantil/node_modules/karma-nativescript-launcher/package.json
21 verbose installManyTop reading scoped package data from /Users/dario/git/carrusel-infantil/node_modules/lazy/package.json
22 verbose installManyTop reading scoped package data from /Users/dario/git/carrusel-infantil/node_modules/mocha/package.json
23 verbose installManyTop reading scoped package data from /Users/dario/git/carrusel-infantil/node_modules/nativescript-angular/package.json
24 verbose installManyTop reading scoped package data from /Users/dario/git/carrusel-infantil/node_modules/nativescript-dev-typescript/package.json
25 verbose installManyTop reading scoped package data from /Users/dario/git/carrusel-infantil/node_modules/nativescript-imagepicker/package.json
26 verbose installManyTop reading scoped package data from /Users/dario/git/carrusel-infantil/node_modules/nativescript-intl/package.json
27 verbose installManyTop reading scoped package data from /Users/dario/git/carrusel-infantil/node_modules/nativescript-telerik-ui-pro/package.json
28 verbose installManyTop reading scoped package data from /Users/dario/git/carrusel-infantil/node_modules/nativescript-unit-test-runner/package.json
29 verbose installManyTop reading scoped package data from /Users/dario/git/carrusel-infantil/node_modules/parse5/package.json
30 verbose installManyTop reading scoped package data from /Users/dario/git/carrusel-infantil/node_modules/punycode/package.json
31 verbose installManyTop reading scoped package data from /Users/dario/git/carrusel-infantil/node_modules/querystring/package.json
32 verbose installManyTop reading scoped package data from /Users/dario/git/carrusel-infantil/node_modules/reflect-metadata/package.json
33 verbose installManyTop reading scoped package data from /Users/dario/git/carrusel-infantil/node_modules/rxjs/package.json
34 verbose installManyTop reading scoped package data from /Users/dario/git/carrusel-infantil/node_modules/tns-core-modules/package.json
35 verbose installManyTop reading scoped package data from /Users/dario/git/carrusel-infantil/node_modules/typescript/package.json
36 verbose installManyTop reading scoped package data from /Users/dario/git/carrusel-infantil/node_modules/url/package.json
37 verbose installManyTop reading scoped package data from /Users/dario/git/carrusel-infantil/node_modules/zone.js/package.json
38 info package.json babel-traverse@6.7.6 No description
39 info package.json fresco@0.1.0 No repository field.
40 info package.json filewalker@0.1.2 No license field.
41 info package.json lazy@1.0.11 license should be a valid SPDX license expression
42 info package.json nativescript-imagepicker@0.0.6 No license field.
43 info package.json nativescript-intl@0.0.2 No repository field.
44 info package.json nativescript-intl@0.0.2 No license field.
45 info package.json parse5@1.4.2 No license field.
46 info package.json punycode@1.3.2 punycode is also the name of a node core module.
47 info package.json querystring@0.2.0 querystring is also the name of a node core module.
48 info package.json querystring@0.2.0 No license field.
49 info package.json url@0.10.3 url is also the name of a node core module.
50 verbose readDependencies loading dependencies from /Users/dario/git/carrusel-infantil/package.json
51 verbose targetResolver reading package data from /Users/dario/git/carrusel-infantil/node_modules/angular2/package.json
52 verbose targetResolver reading package data from /Users/dario/git/carrusel-infantil/node_modules/babel-traverse/package.json
53 verbose targetResolver reading package data from /Users/dario/git/carrusel-infantil/node_modules/babel-types/package.json
54 verbose targetResolver reading package data from /Users/dario/git/carrusel-infantil/node_modules/babylon/package.json
55 verbose targetResolver reading package data from /Users/dario/git/carrusel-infantil/node_modules/chai/package.json
56 verbose targetResolver reading package data from /Users/dario/git/carrusel-infantil/node_modules/es6-shim/package.json
57 verbose targetResolver reading package data from /Users/dario/git/carrusel-infantil/node_modules/filewalker/package.json
58 verbose targetResolver reading package data from /Users/dario/git/carrusel-infantil/node_modules/fresco/package.json
59 verbose targetResolver reading package data from /Users/dario/git/carrusel-infantil/node_modules/karma/package.json
60 verbose targetResolver reading package data from /Users/dario/git/carrusel-infantil/node_modules/karma-chai/package.json
61 verbose targetResolver reading package data from /Users/dario/git/carrusel-infantil/node_modules/karma-mocha/package.json
62 verbose targetResolver reading package data from /Users/dario/git/carrusel-infantil/node_modules/karma-nativescript-launcher/package.json
63 verbose targetResolver reading package data from /Users/dario/git/carrusel-infantil/node_modules/lazy/package.json
64 verbose targetResolver reading package data from /Users/dario/git/carrusel-infantil/node_modules/mocha/package.json
65 verbose targetResolver reading package data from /Users/dario/git/carrusel-infantil/node_modules/nativescript-angular/package.json
66 verbose targetResolver reading package data from /Users/dario/git/carrusel-infantil/node_modules/nativescript-dev-typescript/package.json
67 verbose targetResolver reading package data from /Users/dario/git/carrusel-infantil/node_modules/nativescript-imagepicker/package.json
68 verbose targetResolver reading package data from /Users/dario/git/carrusel-infantil/node_modules/nativescript-intl/package.json
69 verbose targetResolver reading package data from /Users/dario/git/carrusel-infantil/node_modules/nativescript-telerik-ui-pro/package.json
70 verbose targetResolver reading package data from /Users/dario/git/carrusel-infantil/node_modules/nativescript-unit-test-runner/package.json
71 verbose targetResolver reading package data from /Users/dario/git/carrusel-infantil/node_modules/parse5/package.json
72 verbose targetResolver reading package data from /Users/dario/git/carrusel-infantil/node_modules/punycode/package.json
73 verbose targetResolver reading package data from /Users/dario/git/carrusel-infantil/node_modules/querystring/package.json
74 verbose targetResolver reading package data from /Users/dario/git/carrusel-infantil/node_modules/reflect-metadata/package.json
75 verbose targetResolver reading package data from /Users/dario/git/carrusel-infantil/node_modules/rxjs/package.json
76 verbose targetResolver reading package data from /Users/dario/git/carrusel-infantil/node_modules/tns-core-modules/package.json
77 verbose targetResolver reading package data from /Users/dario/git/carrusel-infantil/node_modules/typescript/package.json
78 verbose targetResolver reading package data from /Users/dario/git/carrusel-infantil/node_modules/url/package.json
79 verbose targetResolver reading package data from /Users/dario/git/carrusel-infantil/node_modules/zone.js/package.json
80 verbose targetResolver reading package data from /Users/dario/git/carrusel-infantil/node_modules/.bin/babylon/package.json
81 verbose targetResolver reading package data from /Users/dario/git/carrusel-infantil/node_modules/.bin/karma/package.json
82 verbose targetResolver reading package data from /Users/dario/git/carrusel-infantil/node_modules/.bin/mocha/package.json
83 verbose targetResolver reading package data from /Users/dario/git/carrusel-infantil/node_modules/.bin/tsc/package.json
84 verbose targetResolver reading package data from /Users/dario/git/carrusel-infantil/node_modules/.bin/tsserver/package.json
85 verbose already installed skipping nativescript-telerik-ui-pro@1.1.1 /Users/dario/git/carrusel-infantil
86 verbose already installed skipping nativescript-unit-test-runner@^0.3.2 /Users/dario/git/carrusel-infantil
87 verbose already installed skipping parse5@1.4.2 /Users/dario/git/carrusel-infantil
88 verbose already installed skipping punycode@1.3.2 /Users/dario/git/carrusel-infantil
89 verbose already installed skipping querystring@0.2.0 /Users/dario/git/carrusel-infantil
90 verbose already installed skipping reflect-metadata@0.1.2 /Users/dario/git/carrusel-infantil
91 verbose already installed skipping rxjs@5.0.0-beta.2 /Users/dario/git/carrusel-infantil
92 verbose already installed skipping tns-core-modules@2.1.0-2016-05-20-3077 /Users/dario/git/carrusel-infantil
93 verbose already installed skipping url@0.10.3 /Users/dario/git/carrusel-infantil
94 verbose already installed skipping zone.js@^0.6.6 /Users/dario/git/carrusel-infantil
95 verbose already installed skipping babel-traverse@6.7.6 /Users/dario/git/carrusel-infantil
96 verbose already installed skipping babel-types@6.7.7 /Users/dario/git/carrusel-infantil
97 verbose already installed skipping babylon@6.7.0 /Users/dario/git/carrusel-infantil
98 verbose already installed skipping chai@^3.5.0 /Users/dario/git/carrusel-infantil
99 verbose already installed skipping filewalker@0.1.2 /Users/dario/git/carrusel-infantil
100 verbose already installed skipping karma@^0.13.22 /Users/dario/git/carrusel-infantil
101 verbose already installed skipping karma-chai@^0.1.0 /Users/dario/git/carrusel-infantil
102 verbose already installed skipping karma-mocha@^0.2.2 /Users/dario/git/carrusel-infantil
103 verbose already installed skipping karma-nativescript-launcher@^0.4.0 /Users/dario/git/carrusel-infantil
104 verbose already installed skipping lazy@1.0.11 /Users/dario/git/carrusel-infantil
105 verbose already installed skipping mocha@^2.4.5 /Users/dario/git/carrusel-infantil
106 verbose already installed skipping nativescript-dev-typescript@^0.3.1 /Users/dario/git/carrusel-infantil
107 verbose already installed skipping typescript@^1.8.10 /Users/dario/git/carrusel-infantil
108 verbose already installed skipping angular2@2.0.0-beta.14 /Users/dario/git/carrusel-infantil
109 verbose already installed skipping es6-shim@^0.35.0 /Users/dario/git/carrusel-infantil
110 verbose already installed skipping fresco@file:deps/fresco-0.1.0.tgz /Users/dario/git/carrusel-infantil
111 verbose already installed skipping nativescript-angular@0.0.45 /Users/dario/git/carrusel-infantil
112 verbose already installed skipping nativescript-intl@^0.0.2 /Users/dario/git/carrusel-infantil
113 silly install resolved []
114 info build /Users/dario/git/carrusel-infantil
115 info linkStuff carrusel-infantil@1.0.0
116 silly linkStuff carrusel-infantil@1.0.0 has /Users/dario/git as its parent node_modules
117 verbose linkBins carrusel-infantil@1.0.0
118 verbose linkMans carrusel-infantil@1.0.0
119 verbose rebuildBundles carrusel-infantil@1.0.0
120 verbose rebuildBundles [ '.bin',
120 verbose rebuildBundles   'angular2',
120 verbose rebuildBundles   'babel-traverse',
120 verbose rebuildBundles   'babel-types',
120 verbose rebuildBundles   'babylon',
120 verbose rebuildBundles   'chai',
120 verbose rebuildBundles   'es6-shim',
120 verbose rebuildBundles   'filewalker',
120 verbose rebuildBundles   'fresco',
120 verbose rebuildBundles   'karma',
120 verbose rebuildBundles   'karma-chai',
120 verbose rebuildBundles   'karma-mocha',
120 verbose rebuildBundles   'karma-nativescript-launcher',
120 verbose rebuildBundles   'lazy',
120 verbose rebuildBundles   'mocha',
120 verbose rebuildBundles   'nativescript-angular',
120 verbose rebuildBundles   'nativescript-dev-typescript',
120 verbose rebuildBundles   'nativescript-imagepicker',
120 verbose rebuildBundles   'nativescript-intl',
120 verbose rebuildBundles   'nativescript-telerik-ui-pro',
120 verbose rebuildBundles   'nativescript-unit-test-runner',
120 verbose rebuildBundles   'parse5',
120 verbose rebuildBundles   'punycode',
120 verbose rebuildBundles   'querystring',
120 verbose rebuildBundles   'reflect-metadata',
120 verbose rebuildBundles   'rxjs',
120 verbose rebuildBundles   'tns-core-modules',
120 verbose rebuildBundles   'typescript',
120 verbose rebuildBundles   'url',
120 verbose rebuildBundles   'zone.js' ]
121 verbose rebuild bundle /Users/dario/git/carrusel-infantil/node_modules/nativescript-imagepicker
122 info build /Users/dario/git/carrusel-infantil/node_modules/nativescript-imagepicker
123 info preinstall nativescript-imagepicker@0.0.6
124 info linkStuff nativescript-imagepicker@0.0.6
125 silly linkStuff nativescript-imagepicker@0.0.6 has /Users/dario/git/carrusel-infantil/node_modules as its parent node_modules
126 verbose linkBins nativescript-imagepicker@0.0.6
127 verbose linkMans nativescript-imagepicker@0.0.6
128 verbose rebuildBundles nativescript-imagepicker@0.0.6
129 verbose rebuildBundles [ 'tns-core-modules' ]
130 info install nativescript-imagepicker@0.0.6
131 info postinstall nativescript-imagepicker@0.0.6
132 info install carrusel-infantil@1.0.0
133 info postinstall carrusel-infantil@1.0.0
134 info prepublish carrusel-infantil@1.0.0
135 verbose validateInstall loading /Users/dario/git/carrusel-infantil/package.json for validation
136 verbose stack Error: The package tns-core-modules@2.1.0-2016-05-20-3077 does not satisfy its siblings' peerDependencies requirements!
136 verbose stack     at /usr/local/lib/node_modules/npm/lib/install.js:125:32
136 verbose stack     at /usr/local/lib/node_modules/npm/lib/install.js:268:7
136 verbose stack     at /usr/local/lib/node_modules/npm/node_modules/read-installed/read-installed.js:142:5
136 verbose stack     at /usr/local/lib/node_modules/npm/node_modules/read-installed/read-installed.js:263:14
136 verbose stack     at cb (/usr/local/lib/node_modules/npm/node_modules/slide/lib/async-map.js:47:24)
136 verbose stack     at /usr/local/lib/node_modules/npm/node_modules/read-installed/read-installed.js:263:14
136 verbose stack     at cb (/usr/local/lib/node_modules/npm/node_modules/slide/lib/async-map.js:47:24)
136 verbose stack     at /usr/local/lib/node_modules/npm/node_modules/read-installed/read-installed.js:263:14
136 verbose stack     at cb (/usr/local/lib/node_modules/npm/node_modules/slide/lib/async-map.js:47:24)
136 verbose stack     at /usr/local/lib/node_modules/npm/node_modules/read-installed/read-installed.js:263:14
137 verbose cwd /Users/dario/git/carrusel-infantil
138 error Darwin 15.5.0
139 error argv "/usr/local/bin/node" "/usr/local/bin/npm" "install"
140 error node v4.4.4
141 error npm  v2.15.1
142 error code EPEERINVALID
143 error peerinvalid The package tns-core-modules@2.1.0-2016-05-20-3077 does not satisfy its siblings' peerDependencies requirements!
143 error peerinvalid Peer nativescript-angular@0.0.45 wants tns-core-modules@>=2.0.0 || >=2.0.0-2016 || >=2.0.0-angular-4
144 verbose exit [ 1, true ]
